<?xml version="1.0" encoding="UTF-8"?>
<testng-results skipped="0" failed="0" ignored="0" total="1" passed="1">
  <reporter-output>
  </reporter-output>
  <suite name="Default suite" duration-ms="75" started-at="2019-11-20T11:13:12 IST" finished-at="2019-11-20T11:13:12 IST">
    <groups>
    </groups>
    <test name="Default test" duration-ms="75" started-at="2019-11-20T11:13:12 IST" finished-at="2019-11-20T11:13:12 IST">
      <class name="com.vogella.maven1.Add.AddMethodTest">
        <test-method status="PASS" signature="TestCase1()[pri:0, instance:com.vogella.maven1.Add.AddMethodTest@43814d18]" name="TestCase1" duration-ms="16" started-at="2019-11-20T11:13:12 IST" finished-at="2019-11-20T11:13:12 IST">
          <reporter-output>
          </reporter-output>
        </test-method> <!-- TestCase1 -->
      </class> <!-- com.vogella.maven1.Add.AddMethodTest -->
    </test> <!-- Default test -->
  </suite> <!-- Default suite -->
</testng-results>
