<?xml version="1.0" encoding="UTF-8"?>
<testng-results skipped="0" failed="0" total="1" passed="1">
  <reporter-output>
  </reporter-output>
  <suite name="Surefire suite" duration-ms="32" started-at="2019-11-20T05:18:05Z" finished-at="2019-11-20T05:18:05Z">
    <groups>
    </groups>
    <test name="Surefire test" duration-ms="32" started-at="2019-11-20T05:18:05Z" finished-at="2019-11-20T05:18:05Z">
      <class name="com.vogella.maven1.Add.AddMethodTest">
        <test-method status="PASS" signature="TestCase1()[pri:0, instance:com.vogella.maven1.Add.AddMethodTest@7a5d012c]" name="TestCase1" duration-ms="18" started-at="2019-11-20T10:48:05Z" finished-at="2019-11-20T10:48:05Z">
          <reporter-output>
          </reporter-output>
        </test-method> <!-- TestCase1 -->
      </class> <!-- com.vogella.maven1.Add.AddMethodTest -->
    </test> <!-- Surefire test -->
  </suite> <!-- Surefire suite -->
</testng-results>
